<?xml version="1.0" encoding="UTF-8"?>
<!-- Generated by org.testng.reporters.JUnitReportReporter -->
<testsuite hostname="LAPTOP-T0GF2JGP" failures="0" tests="1" name="sam.browser" time="34.304" errors="0" timestamp="2021-10-06T21:22:08 EDT" skipped="0">
  <testcase classname="sam.browser" name="enterData" time="34.304"/>
  <system-out/>
</testsuite> <!-- sam.browser -->
