<?xml version="1.0" encoding="UTF-8"?>
<!-- Generated by org.testng.reporters.JUnitReportReporter -->
<testsuite hostname="LAPTOP-T0GF2JGP" failures="0" tests="1" name="sam.open" time="11.961" errors="0" timestamp="2021-10-06T21:31:12 EDT" skipped="0">
  <testcase classname="sam.open" name="openFacebook" time="11.961"/>
  <system-out/>
</testsuite> <!-- sam.open -->
