<?xml version="1.0" encoding="UTF-8"?>
<!-- Generated by org.testng.reporters.JUnitReportReporter -->
<testsuite hostname="LAPTOP-T0GF2JGP" failures="0" tests="1" name="sam.browser" time="5.751" errors="0" timestamp="2021-10-03T12:23:39 EDT" skipped="0">
  <testcase classname="sam.browser" name="enterData" time="5.751"/>
  <system-out/>
</testsuite> <!-- sam.browser -->
