<?xml version="1.0" encoding="UTF-8"?>
<!-- Generated by org.testng.reporters.JUnitReportReporter -->
<testsuite hostname="LAPTOP-T0GF2JGP" failures="0" tests="1" name="sam.open" time="5.896" errors="0" timestamp="2021-10-03T12:23:39 EDT" skipped="0">
  <testcase classname="sam.open" name="openFacebook" time="5.896"/>
  <system-out/>
</testsuite> <!-- sam.open -->
